  [1m[35m (122.8ms)[0m  [1m[35mCREATE DATABASE "list_app_api_development" ENCODING = 'unicode'[0m
  [1m[35m (115.8ms)[0m  [1m[35mCREATE DATABASE "list_app_api_test" ENCODING = 'unicode'[0m
  [1m[35m (42.6ms)[0m  [1m[35mCREATE TABLE "schema_migrations" ("version" character varying NOT NULL PRIMARY KEY)[0m
  [1m[35m (9.2ms)[0m  [1m[35mCREATE TABLE "ar_internal_metadata" ("key" character varying NOT NULL PRIMARY KEY, "value" character varying, "created_at" timestamp(6) NOT NULL, "updated_at" timestamp(6) NOT NULL)[0m
  [1m[35m (0.6ms)[0m  [1m[34mSELECT pg_try_advisory_lock(1916058120099723075)[0m
  [1m[35m (0.6ms)[0m  [1m[34mSELECT "schema_migrations"."version" FROM "schema_migrations" ORDER BY "schema_migrations"."version" ASC[0m
Migrating to CreateListItems (20200710191024)
  [1m[35m (0.2ms)[0m  [1m[35mBEGIN[0m
  [1m[35m (11.2ms)[0m  [1m[35mCREATE TABLE "list_items" ("id" bigserial primary key, "name" character varying, "description" text, "is_completed" boolean, "priority" integer, "created_at" timestamp(6) NOT NULL, "updated_at" timestamp(6) NOT NULL)[0m
  [1m[36mprimary::SchemaMigration Create (0.6ms)[0m  [1m[32mINSERT INTO "schema_migrations" ("version") VALUES ($1) RETURNING "version"[0m  [["version", "20200710191024"]]
  [1m[35m (0.5ms)[0m  [1m[35mCOMMIT[0m
Migrating to CreateLists (20200710191157)
  [1m[35m (0.4ms)[0m  [1m[35mBEGIN[0m
  [1m[35m (4.6ms)[0m  [1m[35mCREATE TABLE "lists" ("id" bigserial primary key, "name" character varying, "category" character varying, "created_at" timestamp(6) NOT NULL, "updated_at" timestamp(6) NOT NULL)[0m
  [1m[36mprimary::SchemaMigration Create (0.2ms)[0m  [1m[32mINSERT INTO "schema_migrations" ("version") VALUES ($1) RETURNING "version"[0m  [["version", "20200710191157"]]
  [1m[35m (0.5ms)[0m  [1m[35mCOMMIT[0m
  [1m[36mActiveRecord::InternalMetadata Load (5.1ms)[0m  [1m[34mSELECT "ar_internal_metadata".* FROM "ar_internal_metadata" WHERE "ar_internal_metadata"."key" = $1 LIMIT $2[0m  [["key", "environment"], ["LIMIT", 1]]
  [1m[35m (0.1ms)[0m  [1m[35mBEGIN[0m
  [1m[36mActiveRecord::InternalMetadata Create (0.9ms)[0m  [1m[32mINSERT INTO "ar_internal_metadata" ("key", "value", "created_at", "updated_at") VALUES ($1, $2, $3, $4) RETURNING "key"[0m  [["key", "environment"], ["value", "development"], ["created_at", "2020-07-10 19:36:42.316647"], ["updated_at", "2020-07-10 19:36:42.316647"]]
  [1m[35m (0.5ms)[0m  [1m[35mCOMMIT[0m
  [1m[35m (0.2ms)[0m  [1m[34mSELECT pg_advisory_unlock(1916058120099723075)[0m
  [1m[35m (0.9ms)[0m  [1m[34mSELECT "schema_migrations"."version" FROM "schema_migrations" ORDER BY "schema_migrations"."version" ASC[0m
  [1m[35m (0.2ms)[0m  [1m[34mSELECT pg_try_advisory_lock(1916058120099723075)[0m
  [1m[35m (0.5ms)[0m  [1m[34mSELECT "schema_migrations"."version" FROM "schema_migrations" ORDER BY "schema_migrations"."version" ASC[0m
Migrating to AddForeignKeyToListItems (20200710195556)
  [1m[35m (0.2ms)[0m  [1m[35mBEGIN[0m
  [1m[35m (0.8ms)[0m  [1m[35mALTER TABLE "list_items" ADD "list_id" integer[0m
  [1m[36mprimary::SchemaMigration Create (0.4ms)[0m  [1m[32mINSERT INTO "schema_migrations" ("version") VALUES ($1) RETURNING "version"[0m  [["version", "20200710195556"]]
  [1m[35m (0.7ms)[0m  [1m[35mCOMMIT[0m
  [1m[36mActiveRecord::InternalMetadata Load (0.3ms)[0m  [1m[34mSELECT "ar_internal_metadata".* FROM "ar_internal_metadata" WHERE "ar_internal_metadata"."key" = $1 LIMIT $2[0m  [["key", "environment"], ["LIMIT", 1]]
  [1m[35m (0.3ms)[0m  [1m[34mSELECT pg_advisory_unlock(1916058120099723075)[0m
  [1m[35m (0.5ms)[0m  [1m[34mSELECT "schema_migrations"."version" FROM "schema_migrations" ORDER BY "schema_migrations"."version" ASC[0m
  [1m[35m (0.8ms)[0m  [1m[34mSELECT "schema_migrations"."version" FROM "schema_migrations" ORDER BY "schema_migrations"."version" ASC[0m
  [1m[35m (0.2ms)[0m  [1m[35mBEGIN[0m
  [1m[36mList Create (1.5ms)[0m  [1m[32mINSERT INTO "lists" ("name", "category", "created_at", "updated_at") VALUES ($1, $2, $3, $4) RETURNING "id"[0m  [["name", "Grocery List"], ["category", "Food"], ["created_at", "2020-07-10 21:01:33.526713"], ["updated_at", "2020-07-10 21:01:33.526713"]]
  [1m[35m (5.1ms)[0m  [1m[35mCOMMIT[0m
  [1m[35m (0.3ms)[0m  [1m[35mBEGIN[0m
  [1m[36mList Create (0.4ms)[0m  [1m[32mINSERT INTO "lists" ("name", "category", "created_at", "updated_at") VALUES ($1, $2, $3, $4) RETURNING "id"[0m  [["name", "Favorite Songs"], ["category", "Music"], ["created_at", "2020-07-10 21:01:33.537647"], ["updated_at", "2020-07-10 21:01:33.537647"]]
  [1m[35m (0.6ms)[0m  [1m[35mCOMMIT[0m
  [1m[35m (0.1ms)[0m  [1m[35mBEGIN[0m
  [1m[36mList Create (0.2ms)[0m  [1m[32mINSERT INTO "lists" ("name", "category", "created_at", "updated_at") VALUES ($1, $2, $3, $4) RETURNING "id"[0m  [["name", "Favorite Beer"], ["category", "Alcohol"], ["created_at", "2020-07-10 21:01:33.543113"], ["updated_at", "2020-07-10 21:01:33.543113"]]
  [1m[35m (0.5ms)[0m  [1m[35mCOMMIT[0m
  [1m[35m (0.1ms)[0m  [1m[35mBEGIN[0m
  [1m[36mList Create (0.2ms)[0m  [1m[32mINSERT INTO "lists" ("name", "category", "created_at", "updated_at") VALUES ($1, $2, $3, $4) RETURNING "id"[0m  [["name", "Marijuana Strains"], ["category", "Weed"], ["created_at", "2020-07-10 21:01:33.546519"], ["updated_at", "2020-07-10 21:01:33.546519"]]
  [1m[35m (0.4ms)[0m  [1m[35mCOMMIT[0m
  [1m[35m (0.1ms)[0m  [1m[35mBEGIN[0m
  [1m[36mList Create (0.2ms)[0m  [1m[32mINSERT INTO "lists" ("name", "category", "created_at", "updated_at") VALUES ($1, $2, $3, $4) RETURNING "id"[0m  [["name", "Favorite Books"], ["category", "Books"], ["created_at", "2020-07-10 21:01:33.549850"], ["updated_at", "2020-07-10 21:01:33.549850"]]
  [1m[35m (0.4ms)[0m  [1m[35mCOMMIT[0m
  [1m[35m (0.1ms)[0m  [1m[35mBEGIN[0m
  [1m[36mList Create (0.2ms)[0m  [1m[32mINSERT INTO "lists" ("name", "category", "created_at", "updated_at") VALUES ($1, $2, $3, $4) RETURNING "id"[0m  [["name", "Favorite Dog Breeds"], ["category", "Dogs"], ["created_at", "2020-07-10 21:01:33.553150"], ["updated_at", "2020-07-10 21:01:33.553150"]]
  [1m[35m (0.4ms)[0m  [1m[35mCOMMIT[0m
  [1m[35m (0.2ms)[0m  [1m[35mBEGIN[0m
  [1m[36mListItem Create (1.1ms)[0m  [1m[32mINSERT INTO "list_items" ("name", "description", "is_completed", "priority", "created_at", "updated_at", "list_id") VALUES ($1, $2, $3, $4, $5, $6, $7) RETURNING "id"[0m  [["name", "Bacon"], ["description", "Amount Needed: 3 tablespoon"], ["is_completed", false], ["priority", 10], ["created_at", "2020-07-10 21:01:34.773725"], ["updated_at", "2020-07-10 21:01:34.773725"], ["list_id", 1]]
  [1m[35m (5.1ms)[0m  [1m[35mCOMMIT[0m
  [1m[35m (0.2ms)[0m  [1m[35mBEGIN[0m
  [1m[36mListItem Create (0.2ms)[0m  [1m[32mINSERT INTO "list_items" ("name", "description", "is_completed", "priority", "created_at", "updated_at", "list_id") VALUES ($1, $2, $3, $4, $5, $6, $7) RETURNING "id"[0m  [["name", "Parsnip"], ["description", "Amount Needed: 1/3 gallon"], ["is_completed", false], ["priority", 8], ["created_at", "2020-07-10 21:01:34.783900"], ["updated_at", "2020-07-10 21:01:34.783900"], ["list_id", 1]]
  [1m[35m (0.5ms)[0m  [1m[35mCOMMIT[0m
  [1m[35m (0.1ms)[0m  [1m[35mBEGIN[0m
  [1m[36mListItem Create (0.3ms)[0m  [1m[32mINSERT INTO "list_items" ("name", "description", "is_completed", "priority", "created_at", "updated_at", "list_id") VALUES ($1, $2, $3, $4, $5, $6, $7) RETURNING "id"[0m  [["name", "Cake"], ["description", "Amount Needed: 2 cup"], ["is_completed", false], ["priority", 10], ["created_at", "2020-07-10 21:01:34.787440"], ["updated_at", "2020-07-10 21:01:34.787440"], ["list_id", 1]]
  [1m[35m (0.4ms)[0m  [1m[35mCOMMIT[0m
  [1m[35m (0.1ms)[0m  [1m[35mBEGIN[0m
  [1m[36mListItem Create (0.3ms)[0m  [1m[32mINSERT INTO "list_items" ("name", "description", "is_completed", "priority", "created_at", "updated_at", "list_id") VALUES ($1, $2, $3, $4, $5, $6, $7) RETURNING "id"[0m  [["name", "Mint"], ["description", "Amount Needed: 3 gallon"], ["is_completed", false], ["priority", 4], ["created_at", "2020-07-10 21:01:34.790946"], ["updated_at", "2020-07-10 21:01:34.790946"], ["list_id", 1]]
  [1m[35m (0.4ms)[0m  [1m[35mCOMMIT[0m
  [1m[35m (0.1ms)[0m  [1m[35mBEGIN[0m
  [1m[36mListItem Create (0.3ms)[0m  [1m[32mINSERT INTO "list_items" ("name", "description", "is_completed", "priority", "created_at", "updated_at", "list_id") VALUES ($1, $2, $3, $4, $5, $6, $7) RETURNING "id"[0m  [["name", "Spinach"], ["description", "Amount Needed: 1 pint"], ["is_completed", false], ["priority", 10], ["created_at", "2020-07-10 21:01:34.794490"], ["updated_at", "2020-07-10 21:01:34.794490"], ["list_id", 1]]
  [1m[35m (0.4ms)[0m  [1m[35mCOMMIT[0m
  [1m[35m (0.1ms)[0m  [1m[35mBEGIN[0m
  [1m[36mListItem Create (0.2ms)[0m  [1m[32mINSERT INTO "list_items" ("name", "description", "is_completed", "priority", "created_at", "updated_at", "list_id") VALUES ($1, $2, $3, $4, $5, $6, $7) RETURNING "id"[0m  [["name", "Vanilla Beans"], ["description", "Amount Needed: 2 quart"], ["is_completed", false], ["priority", 1], ["created_at", "2020-07-10 21:01:34.797709"], ["updated_at", "2020-07-10 21:01:34.797709"], ["list_id", 1]]
  [1m[35m (0.4ms)[0m  [1m[35mCOMMIT[0m
  [1m[35m (0.1ms)[0m  [1m[35mBEGIN[0m
  [1m[36mListItem Create (0.2ms)[0m  [1m[32mINSERT INTO "list_items" ("name", "description", "is_completed", "priority", "created_at", "updated_at", "list_id") VALUES ($1, $2, $3, $4, $5, $6, $7) RETURNING "id"[0m  [["name", "Squash"], ["description", "Amount Needed: 1/4 gallon"], ["is_completed", false], ["priority", 2], ["created_at", "2020-07-10 21:01:34.800865"], ["updated_at", "2020-07-10 21:01:34.800865"], ["list_id", 1]]
  [1m[35m (0.5ms)[0m  [1m[35mCOMMIT[0m
  [1m[35m (0.1ms)[0m  [1m[35mBEGIN[0m
  [1m[36mListItem Create (0.2ms)[0m  [1m[32mINSERT INTO "list_items" ("name", "description", "is_completed", "priority", "created_at", "updated_at", "list_id") VALUES ($1, $2, $3, $4, $5, $6, $7) RETURNING "id"[0m  [["name", "Swiss Chard"], ["description", "Amount Needed: 1/4 quart"], ["is_completed", false], ["priority", 6], ["created_at", "2020-07-10 21:01:34.804154"], ["updated_at", "2020-07-10 21:01:34.804154"], ["list_id", 1]]
  [1m[35m (0.5ms)[0m  [1m[35mCOMMIT[0m
  [1m[35m (0.2ms)[0m  [1m[35mBEGIN[0m
  [1m[36mListItem Create (0.2ms)[0m  [1m[32mINSERT INTO "list_items" ("name", "description", "is_completed", "priority", "created_at", "updated_at", "list_id") VALUES ($1, $2, $3, $4, $5, $6, $7) RETURNING "id"[0m  [["name", "Melon"], ["description", "Amount Needed: 1/4 teaspoon"], ["is_completed", false], ["priority", 1], ["created_at", "2020-07-10 21:01:34.807548"], ["updated_at", "2020-07-10 21:01:34.807548"], ["list_id", 1]]
  [1m[35m (0.5ms)[0m  [1m[35mCOMMIT[0m
  [1m[35m (0.2ms)[0m  [1m[35mBEGIN[0m
  [1m[36mListItem Create (0.2ms)[0m  [1m[32mINSERT INTO "list_items" ("name", "description", "is_completed", "priority", "created_at", "updated_at", "list_id") VALUES ($1, $2, $3, $4, $5, $6, $7) RETURNING "id"[0m  [["name", "Cornichons"], ["description", "Amount Needed: 2 cup"], ["is_completed", false], ["priority", 8], ["created_at", "2020-07-10 21:01:34.810909"], ["updated_at", "2020-07-10 21:01:34.810909"], ["list_id", 1]]
  [1m[35m (0.5ms)[0m  [1m[35mCOMMIT[0m
  [1m[35m (0.1ms)[0m  [1m[35mBEGIN[0m
  [1m[36mListItem Create (0.2ms)[0m  [1m[32mINSERT INTO "list_items" ("name", "description", "is_completed", "priority", "created_at", "updated_at", "list_id") VALUES ($1, $2, $3, $4, $5, $6, $7) RETURNING "id"[0m  [["name", "Looks Like Rain"], ["description", "Written by Bruce Hornsby"], ["is_completed", false], ["priority", 7], ["created_at", "2020-07-10 21:01:34.814296"], ["updated_at", "2020-07-10 21:01:34.814296"], ["list_id", 2]]
  [1m[35m (0.5ms)[0m  [1m[35mCOMMIT[0m
  [1m[35m (0.1ms)[0m  [1m[35mBEGIN[0m
  [1m[36mListItem Create (0.3ms)[0m  [1m[32mINSERT INTO "list_items" ("name", "description", "is_completed", "priority", "created_at", "updated_at", "list_id") VALUES ($1, $2, $3, $4, $5, $6, $7) RETURNING "id"[0m  [["name", "Box of Rain"], ["description", "Written by Keith Godchaux"], ["is_completed", false], ["priority", 9], ["created_at", "2020-07-10 21:01:34.817720"], ["updated_at", "2020-07-10 21:01:34.817720"], ["list_id", 2]]
  [1m[35m (0.4ms)[0m  [1m[35mCOMMIT[0m
  [1m[35m (0.1ms)[0m  [1m[35mBEGIN[0m
  [1m[36mListItem Create (0.2ms)[0m  [1m[32mINSERT INTO "list_items" ("name", "description", "is_completed", "priority", "created_at", "updated_at", "list_id") VALUES ($1, $2, $3, $4, $5, $6, $7) RETURNING "id"[0m  [["name", "Truckin"], ["description", "Written by Ron McKernan"], ["is_completed", false], ["priority", 1], ["created_at", "2020-07-10 21:01:34.820863"], ["updated_at", "2020-07-10 21:01:34.820863"], ["list_id", 2]]
  [1m[35m (0.5ms)[0m  [1m[35mCOMMIT[0m
  [1m[35m (0.1ms)[0m  [1m[35mBEGIN[0m
  [1m[36mListItem Create (0.2ms)[0m  [1m[32mINSERT INTO "list_items" ("name", "description", "is_completed", "priority", "created_at", "updated_at", "list_id") VALUES ($1, $2, $3, $4, $5, $6, $7) RETURNING "id"[0m  [["name", "Touch of Grey"], ["description", "Written by Bob Weir"], ["is_completed", false], ["priority", 8], ["created_at", "2020-07-10 21:01:34.823922"], ["updated_at", "2020-07-10 21:01:34.823922"], ["list_id", 2]]
  [1m[35m (0.4ms)[0m  [1m[35mCOMMIT[0m
  [1m[35m (0.1ms)[0m  [1m[35mBEGIN[0m
  [1m[36mListItem Create (0.2ms)[0m  [1m[32mINSERT INTO "list_items" ("name", "description", "is_completed", "priority", "created_at", "updated_at", "list_id") VALUES ($1, $2, $3, $4, $5, $6, $7) RETURNING "id"[0m  [["name", "Sugar Magnolia"], ["description", "Written by Phil Lesh"], ["is_completed", false], ["priority", 7], ["created_at", "2020-07-10 21:01:34.827015"], ["updated_at", "2020-07-10 21:01:34.827015"], ["list_id", 2]]
  [1m[35m (0.4ms)[0m  [1m[35mCOMMIT[0m
  [1m[35m (0.1ms)[0m  [1m[35mBEGIN[0m
  [1m[36mListItem Create (0.2ms)[0m  [1m[32mINSERT INTO "list_items" ("name", "description", "is_completed", "priority", "created_at", "updated_at", "list_id") VALUES ($1, $2, $3, $4, $5, $6, $7) RETURNING "id"[0m  [["name", "Morning Dew"], ["description", "Written by Bob Weir"], ["is_completed", false], ["priority", 9], ["created_at", "2020-07-10 21:01:34.830178"], ["updated_at", "2020-07-10 21:01:34.830178"], ["list_id", 2]]
  [1m[35m (0.4ms)[0m  [1m[35mCOMMIT[0m
  [1m[35m (0.1ms)[0m  [1m[35mBEGIN[0m
  [1m[36mListItem Create (0.2ms)[0m  [1m[32mINSERT INTO "list_items" ("name", "description", "is_completed", "priority", "created_at", "updated_at", "list_id") VALUES ($1, $2, $3, $4, $5, $6, $7) RETURNING "id"[0m  [["name", "Eyes of the World"], ["description", "Written by Donna Jean Godchaux"], ["is_completed", false], ["priority", 7], ["created_at", "2020-07-10 21:01:34.833261"], ["updated_at", "2020-07-10 21:01:34.833261"], ["list_id", 2]]
  [1m[35m (0.4ms)[0m  [1m[35mCOMMIT[0m
  [1m[35m (0.1ms)[0m  [1m[35mBEGIN[0m
  [1m[36mListItem Create (0.2ms)[0m  [1m[32mINSERT INTO "list_items" ("name", "description", "is_completed", "priority", "created_at", "updated_at", "list_id") VALUES ($1, $2, $3, $4, $5, $6, $7) RETURNING "id"[0m  [["name", "Franklins Tower"], ["description", "Written by Donna Jean Godchaux"], ["is_completed", false], ["priority", 10], ["created_at", "2020-07-10 21:01:34.836316"], ["updated_at", "2020-07-10 21:01:34.836316"], ["list_id", 2]]
  [1m[35m (0.5ms)[0m  [1m[35mCOMMIT[0m
  [1m[35m (0.1ms)[0m  [1m[35mBEGIN[0m
  [1m[36mListItem Create (0.2ms)[0m  [1m[32mINSERT INTO "list_items" ("name", "description", "is_completed", "priority", "created_at", "updated_at", "list_id") VALUES ($1, $2, $3, $4, $5, $6, $7) RETURNING "id"[0m  [["name", "Franklins Tower"], ["description", "Written by Robert Hunter"], ["is_completed", false], ["priority", 4], ["created_at", "2020-07-10 21:01:34.839607"], ["updated_at", "2020-07-10 21:01:34.839607"], ["list_id", 2]]
  [1m[35m (0.4ms)[0m  [1m[35mCOMMIT[0m
  [1m[35m (0.1ms)[0m  [1m[35mBEGIN[0m
  [1m[36mListItem Create (0.2ms)[0m  [1m[32mINSERT INTO "list_items" ("name", "description", "is_completed", "priority", "created_at", "updated_at", "list_id") VALUES ($1, $2, $3, $4, $5, $6, $7) RETURNING "id"[0m  [["name", "Casey Jones"], ["description", "Written by Bruce Hornsby"], ["is_completed", false], ["priority", 2], ["created_at", "2020-07-10 21:01:34.842947"], ["updated_at", "2020-07-10 21:01:34.842947"], ["list_id", 2]]
  [1m[35m (0.5ms)[0m  [1m[35mCOMMIT[0m
  [1m[35m (0.1ms)[0m  [1m[35mBEGIN[0m
  [1m[36mListItem Create (0.2ms)[0m  [1m[32mINSERT INTO "list_items" ("name", "description", "is_completed", "priority", "created_at", "updated_at", "list_id") VALUES ($1, $2, $3, $4, $5, $6, $7) RETURNING "id"[0m  [["name", "Nugget Nectar"], ["description", "Made with Bullion hops"], ["is_completed", false], ["priority", 10], ["created_at", "2020-07-10 21:01:34.846159"], ["updated_at", "2020-07-10 21:01:34.846159"], ["list_id", 3]]
  [1m[35m (0.4ms)[0m  [1m[35mCOMMIT[0m
  [1m[35m (0.1ms)[0m  [1m[35mBEGIN[0m
  [1m[36mListItem Create (0.2ms)[0m  [1m[32mINSERT INTO "list_items" ("name", "description", "is_completed", "priority", "created_at", "updated_at", "list_id") VALUES ($1, $2, $3, $4, $5, $6, $7) RETURNING "id"[0m  [["name", "Trois Pistoles"], ["description", "Made with Saaz hops"], ["is_completed", false], ["priority", 2], ["created_at", "2020-07-10 21:01:34.849454"], ["updated_at", "2020-07-10 21:01:34.849454"], ["list_id", 3]]
  [1m[35m (0.5ms)[0m  [1m[35mCOMMIT[0m
  [1m[35m (0.1ms)[0m  [1m[35mBEGIN[0m
  [1m[36mListItem Create (0.2ms)[0m  [1m[32mINSERT INTO "list_items" ("name", "description", "is_completed", "priority", "created_at", "updated_at", "list_id") VALUES ($1, $2, $3, $4, $5, $6, $7) RETURNING "id"[0m  [["name", "Pliny The Elder"], ["description", "Made with Ultra hops"], ["is_completed", false], ["priority", 10], ["created_at", "2020-07-10 21:01:34.852922"], ["updated_at", "2020-07-10 21:01:34.852922"], ["list_id", 3]]
  [1m[35m (0.5ms)[0m  [1m[35mCOMMIT[0m
  [1m[35m (0.1ms)[0m  [1m[35mBEGIN[0m
  [1m[36mListItem Create (0.2ms)[0m  [1m[32mINSERT INTO "list_items" ("name", "description", "is_completed", "priority", "created_at", "updated_at", "list_id") VALUES ($1, $2, $3, $4, $5, $6, $7) RETURNING "id"[0m  [["name", "Maudite"], ["description", "Made with Simcoe hops"], ["is_completed", false], ["priority", 1], ["created_at", "2020-07-10 21:01:34.856684"], ["updated_at", "2020-07-10 21:01:34.856684"], ["list_id", 3]]
  [1m[35m (0.4ms)[0m  [1m[35mCOMMIT[0m
  [1m[35m (0.1ms)[0m  [1m[35mBEGIN[0m
  [1m[36mListItem Create (0.2ms)[0m  [1m[32mINSERT INTO "list_items" ("name", "description", "is_completed", "priority", "created_at", "updated_at", "list_id") VALUES ($1, $2, $3, $4, $5, $6, $7) RETURNING "id"[0m  [["name", "Weihenstephaner Hefeweissbier"], ["description", "Made with Brewer’s Gold hops"], ["is_completed", false], ["priority", 9], ["created_at", "2020-07-10 21:01:34.860077"], ["updated_at", "2020-07-10 21:01:34.860077"], ["list_id", 3]]
  [1m[35m (0.4ms)[0m  [1m[35mCOMMIT[0m
  [1m[35m (0.1ms)[0m  [1m[35mBEGIN[0m
  [1m[36mListItem Create (0.2ms)[0m  [1m[32mINSERT INTO "list_items" ("name", "description", "is_completed", "priority", "created_at", "updated_at", "list_id") VALUES ($1, $2, $3, $4, $5, $6, $7) RETURNING "id"[0m  [["name", "Trappistes Rochefort 8"], ["description", "Made with Hallertau hops"], ["is_completed", false], ["priority", 8], ["created_at", "2020-07-10 21:01:34.863217"], ["updated_at", "2020-07-10 21:01:34.863217"], ["list_id", 3]]
  [1m[35m (0.4ms)[0m  [1m[35mCOMMIT[0m
  [1m[35m (0.1ms)[0m  [1m[35mBEGIN[0m
  [1m[36mListItem Create (0.2ms)[0m  [1m[32mINSERT INTO "list_items" ("name", "description", "is_completed", "priority", "created_at", "updated_at", "list_id") VALUES ($1, $2, $3, $4, $5, $6, $7) RETURNING "id"[0m  [["name", "Nugget Nectar"], ["description", "Made with Amarillo hops"], ["is_completed", false], ["priority", 9], ["created_at", "2020-07-10 21:01:34.866481"], ["updated_at", "2020-07-10 21:01:34.866481"], ["list_id", 3]]
  [1m[35m (0.3ms)[0m  [1m[35mCOMMIT[0m
  [1m[35m (0.1ms)[0m  [1m[35mBEGIN[0m
  [1m[36mListItem Create (0.2ms)[0m  [1m[32mINSERT INTO "list_items" ("name", "description", "is_completed", "priority", "created_at", "updated_at", "list_id") VALUES ($1, $2, $3, $4, $5, $6, $7) RETURNING "id"[0m  [["name", "Old Rasputin Russian Imperial Stout"], ["description", "Made with Centennial hops"], ["is_completed", false], ["priority", 6], ["created_at", "2020-07-10 21:01:34.869653"], ["updated_at", "2020-07-10 21:01:34.869653"], ["list_id", 3]]
  [1m[35m (0.5ms)[0m  [1m[35mCOMMIT[0m
  [1m[35m (0.1ms)[0m  [1m[35mBEGIN[0m
  [1m[36mListItem Create (0.2ms)[0m  [1m[32mINSERT INTO "list_items" ("name", "description", "is_completed", "priority", "created_at", "updated_at", "list_id") VALUES ($1, $2, $3, $4, $5, $6, $7) RETURNING "id"[0m  [["name", "Weihenstephaner Hefeweissbier"], ["description", "Made with Centennial hops"], ["is_completed", false], ["priority", 1], ["created_at", "2020-07-10 21:01:34.873017"], ["updated_at", "2020-07-10 21:01:34.873017"], ["list_id", 3]]
  [1m[35m (0.5ms)[0m  [1m[35mCOMMIT[0m
  [1m[35m (0.1ms)[0m  [1m[35mBEGIN[0m
  [1m[36mListItem Create (0.4ms)[0m  [1m[32mINSERT INTO "list_items" ("name", "description", "is_completed", "priority", "created_at", "updated_at", "list_id") VALUES ($1, $2, $3, $4, $5, $6, $7) RETURNING "id"[0m  [["name", "Shakespeare Oatmeal"], ["description", "Made with Nugget hops"], ["is_completed", false], ["priority", 4], ["created_at", "2020-07-10 21:01:34.876470"], ["updated_at", "2020-07-10 21:01:34.876470"], ["list_id", 3]]
  [1m[35m (0.6ms)[0m  [1m[35mCOMMIT[0m
  [1m[35m (0.2ms)[0m  [1m[35mBEGIN[0m
  [1m[36mListItem Create (0.3ms)[0m  [1m[32mINSERT INTO "list_items" ("name", "description", "is_completed", "priority", "created_at", "updated_at", "list_id") VALUES ($1, $2, $3, $4, $5, $6, $7) RETURNING "id"[0m  [["name", "Lemon Skunk"], ["description", "sativa strain with Camphene terpenes"], ["is_completed", false], ["priority", 4], ["created_at", "2020-07-10 21:01:34.891626"], ["updated_at", "2020-07-10 21:01:34.891626"], ["list_id", 4]]
  [1m[35m (0.6ms)[0m  [1m[35mCOMMIT[0m
  [1m[35m (0.2ms)[0m  [1m[35mBEGIN[0m
  [1m[36mListItem Create (0.2ms)[0m  [1m[32mINSERT INTO "list_items" ("name", "description", "is_completed", "priority", "created_at", "updated_at", "list_id") VALUES ($1, $2, $3, $4, $5, $6, $7) RETURNING "id"[0m  [["name", "Maui Jack"], ["description", "indica strain with α Terpinolene terpenes"], ["is_completed", false], ["priority", 2], ["created_at", "2020-07-10 21:01:34.896460"], ["updated_at", "2020-07-10 21:01:34.896460"], ["list_id", 4]]
  [1m[35m (0.4ms)[0m  [1m[35mCOMMIT[0m
  [1m[35m (0.1ms)[0m  [1m[35mBEGIN[0m
  [1m[36mListItem Create (0.3ms)[0m  [1m[32mINSERT INTO "list_items" ("name", "description", "is_completed", "priority", "created_at", "updated_at", "list_id") VALUES ($1, $2, $3, $4, $5, $6, $7) RETURNING "id"[0m  [["name", "Sugar Momma"], ["description", "hybrid strain with Limonene terpenes"], ["is_completed", false], ["priority", 8], ["created_at", "2020-07-10 21:01:34.899924"], ["updated_at", "2020-07-10 21:01:34.899924"], ["list_id", 4]]
  [1m[35m (0.4ms)[0m  [1m[35mCOMMIT[0m
  [1m[35m (0.1ms)[0m  [1m[35mBEGIN[0m
  [1m[36mListItem Create (0.2ms)[0m  [1m[32mINSERT INTO "list_items" ("name", "description", "is_completed", "priority", "created_at", "updated_at", "list_id") VALUES ($1, $2, $3, $4, $5, $6, $7) RETURNING "id"[0m  [["name", "Snozzberry OG"], ["description", "indica strain with R-(+)-Pulegone terpenes"], ["is_completed", false], ["priority", 3], ["created_at", "2020-07-10 21:01:34.903150"], ["updated_at", "2020-07-10 21:01:34.903150"], ["list_id", 4]]
  [1m[35m (0.4ms)[0m  [1m[35mCOMMIT[0m
  [1m[35m (0.1ms)[0m  [1m[35mBEGIN[0m
  [1m[36mListItem Create (0.2ms)[0m  [1m[32mINSERT INTO "list_items" ("name", "description", "is_completed", "priority", "created_at", "updated_at", "list_id") VALUES ($1, $2, $3, $4, $5, $6, $7) RETURNING "id"[0m  [["name", "Black Diamond OG"], ["description", "sativa strain with Acetate terpenes"], ["is_completed", false], ["priority", 10], ["created_at", "2020-07-10 21:01:34.906359"], ["updated_at", "2020-07-10 21:01:34.906359"], ["list_id", 4]]
  [1m[35m (0.4ms)[0m  [1m[35mCOMMIT[0m
  [1m[35m (0.1ms)[0m  [1m[35mBEGIN[0m
  [1m[36mListItem Create (0.2ms)[0m  [1m[32mINSERT INTO "list_items" ("name", "description", "is_completed", "priority", "created_at", "updated_at", "list_id") VALUES ($1, $2, $3, $4, $5, $6, $7) RETURNING "id"[0m  [["name", "Soul Assasin OG"], ["description", "sativa strain with p-Cymene terpenes"], ["is_completed", false], ["priority", 5], ["created_at", "2020-07-10 21:01:34.909687"], ["updated_at", "2020-07-10 21:01:34.909687"], ["list_id", 4]]
  [1m[35m (0.5ms)[0m  [1m[35mCOMMIT[0m
  [1m[35m (0.2ms)[0m  [1m[35mBEGIN[0m
  [1m[36mListItem Create (0.2ms)[0m  [1m[32mINSERT INTO "list_items" ("name", "description", "is_completed", "priority", "created_at", "updated_at", "list_id") VALUES ($1, $2, $3, $4, $5, $6, $7) RETURNING "id"[0m  [["name", "Strawberry Moonrocks"], ["description", "indica strain with Acetate terpenes"], ["is_completed", false], ["priority", 6], ["created_at", "2020-07-10 21:01:34.913087"], ["updated_at", "2020-07-10 21:01:34.913087"], ["list_id", 4]]
  [1m[35m (0.4ms)[0m  [1m[35mCOMMIT[0m
  [1m[35m (0.1ms)[0m  [1m[35mBEGIN[0m
  [1m[36mListItem Create (0.2ms)[0m  [1m[32mINSERT INTO "list_items" ("name", "description", "is_completed", "priority", "created_at", "updated_at", "list_id") VALUES ($1, $2, $3, $4, $5, $6, $7) RETURNING "id"[0m  [["name", "Boss Hog"], ["description", "hybrid strain with β Pinene terpenes"], ["is_completed", false], ["priority", 4], ["created_at", "2020-07-10 21:01:34.916356"], ["updated_at", "2020-07-10 21:01:34.916356"], ["list_id", 4]]
  [1m[35m (0.4ms)[0m  [1m[35mCOMMIT[0m
  [1m[35m (0.2ms)[0m  [1m[35mBEGIN[0m
  [1m[36mListItem Create (0.2ms)[0m  [1m[32mINSERT INTO "list_items" ("name", "description", "is_completed", "priority", "created_at", "updated_at", "list_id") VALUES ($1, $2, $3, $4, $5, $6, $7) RETURNING "id"[0m  [["name", "Pink Lotus"], ["description", "sativa strain with Phytol terpenes"], ["is_completed", false], ["priority", 9], ["created_at", "2020-07-10 21:01:34.919585"], ["updated_at", "2020-07-10 21:01:34.919585"], ["list_id", 4]]
  [1m[35m (0.4ms)[0m  [1m[35mCOMMIT[0m
  [1m[35m (0.2ms)[0m  [1m[35mBEGIN[0m
  [1m[36mListItem Create (0.2ms)[0m  [1m[32mINSERT INTO "list_items" ("name", "description", "is_completed", "priority", "created_at", "updated_at", "list_id") VALUES ($1, $2, $3, $4, $5, $6, $7) RETURNING "id"[0m  [["name", "Strawberry Banana"], ["description", "hybrid strain with α Phellandrene terpenes"], ["is_completed", false], ["priority", 5], ["created_at", "2020-07-10 21:01:34.922903"], ["updated_at", "2020-07-10 21:01:34.922903"], ["list_id", 4]]
  [1m[35m (0.4ms)[0m  [1m[35mCOMMIT[0m
  [1m[35m (0.1ms)[0m  [1m[35mBEGIN[0m
  [1m[36mListItem Create (0.2ms)[0m  [1m[32mINSERT INTO "list_items" ("name", "description", "is_completed", "priority", "created_at", "updated_at", "list_id") VALUES ($1, $2, $3, $4, $5, $6, $7) RETURNING "id"[0m  [["name", "To a God Unknown"], ["description", "Author: Biography/Autobiography"], ["is_completed", false], ["priority", 10], ["created_at", "2020-07-10 21:01:34.926157"], ["updated_at", "2020-07-10 21:01:34.926157"], ["list_id", 5]]
  [1m[35m (0.4ms)[0m  [1m[35mCOMMIT[0m
  [1m[35m (0.1ms)[0m  [1m[35mBEGIN[0m
  [1m[36mListItem Create (0.2ms)[0m  [1m[32mINSERT INTO "list_items" ("name", "description", "is_completed", "priority", "created_at", "updated_at", "list_id") VALUES ($1, $2, $3, $4, $5, $6, $7) RETURNING "id"[0m  [["name", "Many Waters"], ["description", "Author: Textbook"], ["is_completed", false], ["priority", 4], ["created_at", "2020-07-10 21:01:34.929246"], ["updated_at", "2020-07-10 21:01:34.929246"], ["list_id", 5]]
  [1m[35m (0.4ms)[0m  [1m[35mCOMMIT[0m
  [1m[35m (0.1ms)[0m  [1m[35mBEGIN[0m
  [1m[36mListItem Create (0.2ms)[0m  [1m[32mINSERT INTO "list_items" ("name", "description", "is_completed", "priority", "created_at", "updated_at", "list_id") VALUES ($1, $2, $3, $4, $5, $6, $7) RETURNING "id"[0m  [["name", "Number the Stars"], ["description", "Author: Folklore"], ["is_completed", false], ["priority", 2], ["created_at", "2020-07-10 21:01:34.932330"], ["updated_at", "2020-07-10 21:01:34.932330"], ["list_id", 5]]
  [1m[35m (0.4ms)[0m  [1m[35mCOMMIT[0m
  [1m[35m (0.1ms)[0m  [1m[35mBEGIN[0m
  [1m[36mListItem Create (0.3ms)[0m  [1m[32mINSERT INTO "list_items" ("name", "description", "is_completed", "priority", "created_at", "updated_at", "list_id") VALUES ($1, $2, $3, $4, $5, $6, $7) RETURNING "id"[0m  [["name", "Jesting Pilate"], ["description", "Author: Mythology"], ["is_completed", false], ["priority", 2], ["created_at", "2020-07-10 21:01:34.935495"], ["updated_at", "2020-07-10 21:01:34.935495"], ["list_id", 5]]
  [1m[35m (0.4ms)[0m  [1m[35mCOMMIT[0m
  [1m[35m (0.1ms)[0m  [1m[35mBEGIN[0m
  [1m[36mListItem Create (0.3ms)[0m  [1m[32mINSERT INTO "list_items" ("name", "description", "is_completed", "priority", "created_at", "updated_at", "list_id") VALUES ($1, $2, $3, $4, $5, $6, $7) RETURNING "id"[0m  [["name", "Ah, Wilderness!"], ["description", "Author: Comic/Graphic Novel"], ["is_completed", false], ["priority", 8], ["created_at", "2020-07-10 21:01:34.938780"], ["updated_at", "2020-07-10 21:01:34.938780"], ["list_id", 5]]
  [1m[35m (0.3ms)[0m  [1m[35mCOMMIT[0m
  [1m[35m (0.1ms)[0m  [1m[35mBEGIN[0m
  [1m[36mListItem Create (0.2ms)[0m  [1m[32mINSERT INTO "list_items" ("name", "description", "is_completed", "priority", "created_at", "updated_at", "list_id") VALUES ($1, $2, $3, $4, $5, $6, $7) RETURNING "id"[0m  [["name", "Number the Stars"], ["description", "Author: Comic/Graphic Novel"], ["is_completed", false], ["priority", 2], ["created_at", "2020-07-10 21:01:34.941969"], ["updated_at", "2020-07-10 21:01:34.941969"], ["list_id", 5]]
  [1m[35m (0.5ms)[0m  [1m[35mCOMMIT[0m
  [1m[35m (0.1ms)[0m  [1m[35mBEGIN[0m
  [1m[36mListItem Create (0.2ms)[0m  [1m[32mINSERT INTO "list_items" ("name", "description", "is_completed", "priority", "created_at", "updated_at", "list_id") VALUES ($1, $2, $3, $4, $5, $6, $7) RETURNING "id"[0m  [["name", "Sleep the Brave"], ["description", "Author: Essay"], ["is_completed", false], ["priority", 5], ["created_at", "2020-07-10 21:01:34.945065"], ["updated_at", "2020-07-10 21:01:34.945065"], ["list_id", 5]]
  [1m[35m (0.4ms)[0m  [1m[35mCOMMIT[0m
  [1m[35m (0.1ms)[0m  [1m[35mBEGIN[0m
  [1m[36mListItem Create (0.2ms)[0m  [1m[32mINSERT INTO "list_items" ("name", "description", "is_completed", "priority", "created_at", "updated_at", "list_id") VALUES ($1, $2, $3, $4, $5, $6, $7) RETURNING "id"[0m  [["name", "For a Breath I Tarry"], ["description", "Author: Folklore"], ["is_completed", false], ["priority", 5], ["created_at", "2020-07-10 21:01:34.948073"], ["updated_at", "2020-07-10 21:01:34.948073"], ["list_id", 5]]
  [1m[35m (0.4ms)[0m  [1m[35mCOMMIT[0m
  [1m[35m (0.2ms)[0m  [1m[35mBEGIN[0m
  [1m[36mListItem Create (0.2ms)[0m  [1m[32mINSERT INTO "list_items" ("name", "description", "is_completed", "priority", "created_at", "updated_at", "list_id") VALUES ($1, $2, $3, $4, $5, $6, $7) RETURNING "id"[0m  [["name", "The Other Side of Silence"], ["description", "Author: Fantasy"], ["is_completed", false], ["priority", 9], ["created_at", "2020-07-10 21:01:34.951105"], ["updated_at", "2020-07-10 21:01:34.951105"], ["list_id", 5]]
  [1m[35m (0.4ms)[0m  [1m[35mCOMMIT[0m
  [1m[35m (0.2ms)[0m  [1m[35mBEGIN[0m
  [1m[36mListItem Create (0.3ms)[0m  [1m[32mINSERT INTO "list_items" ("name", "description", "is_completed", "priority", "created_at", "updated_at", "list_id") VALUES ($1, $2, $3, $4, $5, $6, $7) RETURNING "id"[0m  [["name", "The Violent Bear It Away"], ["description", "Author: Narrative nonfiction"], ["is_completed", false], ["priority", 5], ["created_at", "2020-07-10 21:01:34.954385"], ["updated_at", "2020-07-10 21:01:34.954385"], ["list_id", 5]]
  [1m[35m (0.4ms)[0m  [1m[35mCOMMIT[0m
  [1m[35m (0.1ms)[0m  [1m[35mBEGIN[0m
  [1m[36mListItem Create (0.2ms)[0m  [1m[32mINSERT INTO "list_items" ("name", "description", "is_completed", "priority", "created_at", "updated_at", "list_id") VALUES ($1, $2, $3, $4, $5, $6, $7) RETURNING "id"[0m  [["name", "Redbone"], ["description", "Gender: Female"], ["is_completed", false], ["priority", 5], ["created_at", "2020-07-10 21:01:34.957832"], ["updated_at", "2020-07-10 21:01:34.957832"], ["list_id", 6]]
  [1m[35m (0.5ms)[0m  [1m[35mCOMMIT[0m
  [1m[35m (0.1ms)[0m  [1m[35mBEGIN[0m
  [1m[36mListItem Create (0.2ms)[0m  [1m[32mINSERT INTO "list_items" ("name", "description", "is_completed", "priority", "created_at", "updated_at", "list_id") VALUES ($1, $2, $3, $4, $5, $6, $7) RETURNING "id"[0m  [["name", "Rat Terrier"], ["description", "Gender: Female"], ["is_completed", false], ["priority", 4], ["created_at", "2020-07-10 21:01:34.961069"], ["updated_at", "2020-07-10 21:01:34.961069"], ["list_id", 6]]
  [1m[35m (0.5ms)[0m  [1m[35mCOMMIT[0m
  [1m[35m (0.1ms)[0m  [1m[35mBEGIN[0m
  [1m[36mListItem Create (0.2ms)[0m  [1m[32mINSERT INTO "list_items" ("name", "description", "is_completed", "priority", "created_at", "updated_at", "list_id") VALUES ($1, $2, $3, $4, $5, $6, $7) RETURNING "id"[0m  [["name", "Bernese Mountain"], ["description", "Gender: Female"], ["is_completed", false], ["priority", 10], ["created_at", "2020-07-10 21:01:34.964324"], ["updated_at", "2020-07-10 21:01:34.964324"], ["list_id", 6]]
  [1m[35m (0.5ms)[0m  [1m[35mCOMMIT[0m
  [1m[35m (0.1ms)[0m  [1m[35mBEGIN[0m
  [1m[36mListItem Create (0.2ms)[0m  [1m[32mINSERT INTO "list_items" ("name", "description", "is_completed", "priority", "created_at", "updated_at", "list_id") VALUES ($1, $2, $3, $4, $5, $6, $7) RETURNING "id"[0m  [["name", "English Springer"], ["description", "Gender: Male"], ["is_completed", false], ["priority", 3], ["created_at", "2020-07-10 21:01:34.967532"], ["updated_at", "2020-07-10 21:01:34.967532"], ["list_id", 6]]
  [1m[35m (0.4ms)[0m  [1m[35mCOMMIT[0m
  [1m[35m (0.1ms)[0m  [1m[35mBEGIN[0m
  [1m[36mListItem Create (0.2ms)[0m  [1m[32mINSERT INTO "list_items" ("name", "description", "is_completed", "priority", "created_at", "updated_at", "list_id") VALUES ($1, $2, $3, $4, $5, $6, $7) RETURNING "id"[0m  [["name", "Blood Hound"], ["description", "Gender: Female"], ["is_completed", false], ["priority", 1], ["created_at", "2020-07-10 21:01:34.970486"], ["updated_at", "2020-07-10 21:01:34.970486"], ["list_id", 6]]
  [1m[35m (0.4ms)[0m  [1m[35mCOMMIT[0m
  [1m[35m (0.2ms)[0m  [1m[35mBEGIN[0m
  [1m[36mListItem Create (0.2ms)[0m  [1m[32mINSERT INTO "list_items" ("name", "description", "is_completed", "priority", "created_at", "updated_at", "list_id") VALUES ($1, $2, $3, $4, $5, $6, $7) RETURNING "id"[0m  [["name", "Lhasa"], ["description", "Gender: Male"], ["is_completed", false], ["priority", 2], ["created_at", "2020-07-10 21:01:34.973458"], ["updated_at", "2020-07-10 21:01:34.973458"], ["list_id", 6]]
  [1m[35m (0.4ms)[0m  [1m[35mCOMMIT[0m
  [1m[35m (0.1ms)[0m  [1m[35mBEGIN[0m
  [1m[36mListItem Create (0.2ms)[0m  [1m[32mINSERT INTO "list_items" ("name", "description", "is_completed", "priority", "created_at", "updated_at", "list_id") VALUES ($1, $2, $3, $4, $5, $6, $7) RETURNING "id"[0m  [["name", "Blenheim Spaniel"], ["description", "Gender: Female"], ["is_completed", false], ["priority", 1], ["created_at", "2020-07-10 21:01:34.976717"], ["updated_at", "2020-07-10 21:01:34.976717"], ["list_id", 6]]
  [1m[35m (0.4ms)[0m  [1m[35mCOMMIT[0m
  [1m[35m (0.1ms)[0m  [1m[35mBEGIN[0m
  [1m[36mListItem Create (0.2ms)[0m  [1m[32mINSERT INTO "list_items" ("name", "description", "is_completed", "priority", "created_at", "updated_at", "list_id") VALUES ($1, $2, $3, $4, $5, $6, $7) RETURNING "id"[0m  [["name", "Scottish Deerhound"], ["description", "Gender: Female"], ["is_completed", false], ["priority", 9], ["created_at", "2020-07-10 21:01:34.979769"], ["updated_at", "2020-07-10 21:01:34.979769"], ["list_id", 6]]
  [1m[35m (0.4ms)[0m  [1m[35mCOMMIT[0m
  [1m[35m (0.1ms)[0m  [1m[35mBEGIN[0m
  [1m[36mListItem Create (0.3ms)[0m  [1m[32mINSERT INTO "list_items" ("name", "description", "is_completed", "priority", "created_at", "updated_at", "list_id") VALUES ($1, $2, $3, $4, $5, $6, $7) RETURNING "id"[0m  [["name", "Weimaraner"], ["description", "Gender: Male"], ["is_completed", false], ["priority", 9], ["created_at", "2020-07-10 21:01:34.983208"], ["updated_at", "2020-07-10 21:01:34.983208"], ["list_id", 6]]
  [1m[35m (0.4ms)[0m  [1m[35mCOMMIT[0m
  [1m[35m (0.1ms)[0m  [1m[35mBEGIN[0m
  [1m[36mListItem Create (0.2ms)[0m  [1m[32mINSERT INTO "list_items" ("name", "description", "is_completed", "priority", "created_at", "updated_at", "list_id") VALUES ($1, $2, $3, $4, $5, $6, $7) RETURNING "id"[0m  [["name", "Cocker Spaniel"], ["description", "Gender: Female"], ["is_completed", false], ["priority", 10], ["created_at", "2020-07-10 21:01:34.986267"], ["updated_at", "2020-07-10 21:01:34.986267"], ["list_id", 6]]
  [1m[35m (0.5ms)[0m  [1m[35mCOMMIT[0m
Started GET "/" for ::1 at 2020-07-10 14:01:56 -0700
  [1m[35m (0.5ms)[0m  [1m[34mSELECT "schema_migrations"."version" FROM "schema_migrations" ORDER BY "schema_migrations"."version" ASC[0m
Processing by Rails::WelcomeController#index as HTML
  Rendering /Users/cynthiaespejo/.rbenv/versions/2.6.3/lib/ruby/gems/2.6.0/gems/railties-6.0.3.2/lib/rails/templates/rails/welcome/index.html.erb
  Rendered /Users/cynthiaespejo/.rbenv/versions/2.6.3/lib/ruby/gems/2.6.0/gems/railties-6.0.3.2/lib/rails/templates/rails/welcome/index.html.erb (Duration: 8.7ms | Allocations: 488)
Completed 200 OK in 26ms (Views: 20.4ms | ActiveRecord: 0.0ms | Allocations: 2689)


Started GET "/lists" for ::1 at 2020-07-10 14:02:03 -0700
Processing by ListsController#index as HTML
  [1m[36mList Load (1.7ms)[0m  [1m[34mSELECT "lists".* FROM "lists"[0m
  ↳ app/controllers/lists_controller.rb:8:in `index'
Completed 200 OK in 30ms (Views: 13.8ms | ActiveRecord: 13.2ms | Allocations: 5573)


Started GET "/lists/1" for ::1 at 2020-07-10 14:02:12 -0700
Processing by ListsController#show as HTML
  Parameters: {"id"=>"1"}
  [1m[36mList Load (0.6ms)[0m  [1m[34mSELECT "lists".* FROM "lists" WHERE "lists"."id" = $1 LIMIT $2[0m  [["id", 1], ["LIMIT", 1]]
  ↳ app/controllers/lists_controller.rb:44:in `set_list'
Completed 200 OK in 10ms (Views: 0.4ms | ActiveRecord: 2.7ms | Allocations: 1211)


Started GET "/lists/1" for ::1 at 2020-07-10 14:20:00 -0700
  [1m[35m (0.5ms)[0m  [1m[34mSELECT "schema_migrations"."version" FROM "schema_migrations" ORDER BY "schema_migrations"."version" ASC[0m
Processing by ListsController#show as HTML
  Parameters: {"id"=>"1"}
  [1m[36mList Load (0.4ms)[0m  [1m[34mSELECT "lists".* FROM "lists" WHERE "lists"."id" = $1 LIMIT $2[0m  [["id", 1], ["LIMIT", 1]]
  ↳ app/controllers/lists_controller.rb:44:in `set_list'
  [1m[36mListItem Load (0.3ms)[0m  [1m[34mSELECT "list_items".* FROM "list_items" WHERE "list_items"."list_id" = $1 ORDER BY "list_items"."priority" ASC[0m  [["list_id", 1]]
  ↳ app/controllers/lists_controller.rb:13:in `show'
Completed 200 OK in 66ms (Views: 0.3ms | ActiveRecord: 10.2ms | Allocations: 20499)


Started GET "/lists/2" for ::1 at 2020-07-10 14:20:41 -0700
Processing by ListsController#show as HTML
  Parameters: {"id"=>"2"}
  [1m[36mList Load (0.3ms)[0m  [1m[34mSELECT "lists".* FROM "lists" WHERE "lists"."id" = $1 LIMIT $2[0m  [["id", 2], ["LIMIT", 1]]
  ↳ app/controllers/lists_controller.rb:44:in `set_list'
  [1m[36mListItem Load (2.9ms)[0m  [1m[34mSELECT "list_items".* FROM "list_items" WHERE "list_items"."list_id" = $1 ORDER BY "list_items"."priority" ASC[0m  [["list_id", 2]]
  ↳ app/controllers/lists_controller.rb:13:in `show'
Completed 200 OK in 12ms (Views: 0.1ms | ActiveRecord: 3.3ms | Allocations: 3195)


Started GET "/lists/3" for ::1 at 2020-07-10 14:20:49 -0700
Processing by ListsController#show as HTML
  Parameters: {"id"=>"3"}
  [1m[36mList Load (0.6ms)[0m  [1m[34mSELECT "lists".* FROM "lists" WHERE "lists"."id" = $1 LIMIT $2[0m  [["id", 3], ["LIMIT", 1]]
  ↳ app/controllers/lists_controller.rb:44:in `set_list'
  [1m[36mListItem Load (0.3ms)[0m  [1m[34mSELECT "list_items".* FROM "list_items" WHERE "list_items"."list_id" = $1 ORDER BY "list_items"."priority" ASC[0m  [["list_id", 3]]
  ↳ app/controllers/lists_controller.rb:13:in `show'
Completed 200 OK in 6ms (Views: 0.2ms | ActiveRecord: 0.9ms | Allocations: 3197)


Started GET "/lists/4" for ::1 at 2020-07-10 14:20:56 -0700
Processing by ListsController#show as HTML
  Parameters: {"id"=>"4"}
  [1m[36mList Load (4.1ms)[0m  [1m[34mSELECT "lists".* FROM "lists" WHERE "lists"."id" = $1 LIMIT $2[0m  [["id", 4], ["LIMIT", 1]]
  ↳ app/controllers/lists_controller.rb:44:in `set_list'
  [1m[36mListItem Load (4.7ms)[0m  [1m[34mSELECT "list_items".* FROM "list_items" WHERE "list_items"."list_id" = $1 ORDER BY "list_items"."priority" ASC[0m  [["list_id", 4]]
  ↳ app/controllers/lists_controller.rb:13:in `show'
Completed 200 OK in 36ms (Views: 0.1ms | ActiveRecord: 8.9ms | Allocations: 3206)


Started GET "/lists/5" for ::1 at 2020-07-10 14:21:22 -0700
Processing by ListsController#show as HTML
  Parameters: {"id"=>"5"}
  [1m[36mList Load (0.7ms)[0m  [1m[34mSELECT "lists".* FROM "lists" WHERE "lists"."id" = $1 LIMIT $2[0m  [["id", 5], ["LIMIT", 1]]
  ↳ app/controllers/lists_controller.rb:44:in `set_list'
  [1m[36mListItem Load (9.8ms)[0m  [1m[34mSELECT "list_items".* FROM "list_items" WHERE "list_items"."list_id" = $1 ORDER BY "list_items"."priority" ASC[0m  [["list_id", 5]]
  ↳ app/controllers/lists_controller.rb:13:in `show'
Completed 200 OK in 17ms (Views: 0.1ms | ActiveRecord: 10.5ms | Allocations: 3175)


Started GET "/lists/6" for ::1 at 2020-07-10 14:21:43 -0700
Processing by ListsController#show as HTML
  Parameters: {"id"=>"6"}
  [1m[36mList Load (9.8ms)[0m  [1m[34mSELECT "lists".* FROM "lists" WHERE "lists"."id" = $1 LIMIT $2[0m  [["id", 6], ["LIMIT", 1]]
  ↳ app/controllers/lists_controller.rb:44:in `set_list'
  [1m[36mListItem Load (2.2ms)[0m  [1m[34mSELECT "list_items".* FROM "list_items" WHERE "list_items"."list_id" = $1 ORDER BY "list_items"."priority" ASC[0m  [["list_id", 6]]
  ↳ app/controllers/lists_controller.rb:13:in `show'
Completed 200 OK in 20ms (Views: 0.2ms | ActiveRecord: 12.0ms | Allocations: 3183)


Started GET "/lists" for ::1 at 2020-07-10 14:22:01 -0700
Processing by ListsController#index as HTML
  [1m[36mList Load (1.7ms)[0m  [1m[34mSELECT "lists".* FROM "lists"[0m
  ↳ app/controllers/lists_controller.rb:8:in `index'
  [1m[36mListItem Load (6.9ms)[0m  [1m[34mSELECT "list_items".* FROM "list_items" WHERE "list_items"."list_id" = $1 ORDER BY "list_items"."priority" ASC[0m  [["list_id", 1]]
  ↳ app/controllers/lists_controller.rb:8:in `index'
  [1m[36mListItem Load (0.4ms)[0m  [1m[34mSELECT "list_items".* FROM "list_items" WHERE "list_items"."list_id" = $1 ORDER BY "list_items"."priority" ASC[0m  [["list_id", 2]]
  ↳ app/controllers/lists_controller.rb:8:in `index'
  [1m[36mListItem Load (0.3ms)[0m  [1m[34mSELECT "list_items".* FROM "list_items" WHERE "list_items"."list_id" = $1 ORDER BY "list_items"."priority" ASC[0m  [["list_id", 3]]
  ↳ app/controllers/lists_controller.rb:8:in `index'
  [1m[36mListItem Load (8.1ms)[0m  [1m[34mSELECT "list_items".* FROM "list_items" WHERE "list_items"."list_id" = $1 ORDER BY "list_items"."priority" ASC[0m  [["list_id", 4]]
  ↳ app/controllers/lists_controller.rb:8:in `index'
  [1m[36mListItem Load (1.0ms)[0m  [1m[34mSELECT "list_items".* FROM "list_items" WHERE "list_items"."list_id" = $1 ORDER BY "list_items"."priority" ASC[0m  [["list_id", 5]]
  ↳ app/controllers/lists_controller.rb:8:in `index'
  [1m[36mListItem Load (0.5ms)[0m  [1m[34mSELECT "list_items".* FROM "list_items" WHERE "list_items"."list_id" = $1 ORDER BY "list_items"."priority" ASC[0m  [["list_id", 6]]
  ↳ app/controllers/lists_controller.rb:8:in `index'
Completed 200 OK in 69ms (Views: 0.7ms | ActiveRecord: 19.0ms | Allocations: 16169)


Started GET "/list_items" for ::1 at 2020-07-10 14:22:17 -0700
Processing by ListItemsController#index as HTML
  [1m[36mListItem Load (0.5ms)[0m  [1m[34mSELECT "list_items".* FROM "list_items" ORDER BY "list_items"."priority" ASC[0m
  ↳ app/controllers/list_items_controller.rb:8:in `index'
  [1m[36mList Load (0.7ms)[0m  [1m[34mSELECT "lists".* FROM "lists" WHERE "lists"."id" = $1 LIMIT $2[0m  [["id", 1], ["LIMIT", 1]]
  ↳ app/controllers/list_items_controller.rb:8:in `index'
  [1m[36mList Load (0.2ms)[0m  [1m[34mSELECT "lists".* FROM "lists" WHERE "lists"."id" = $1 LIMIT $2[0m  [["id", 6], ["LIMIT", 1]]
  ↳ app/controllers/list_items_controller.rb:8:in `index'
  [1m[36mCACHE List Load (0.0ms)[0m  [1m[34mSELECT "lists".* FROM "lists" WHERE "lists"."id" = $1 LIMIT $2[0m  [["id", 6], ["LIMIT", 1]]
  ↳ app/controllers/list_items_controller.rb:8:in `index'
  [1m[36mCACHE List Load (0.0ms)[0m  [1m[34mSELECT "lists".* FROM "lists" WHERE "lists"."id" = $1 LIMIT $2[0m  [["id", 1], ["LIMIT", 1]]
  ↳ app/controllers/list_items_controller.rb:8:in `index'
  [1m[36mList Load (0.2ms)[0m  [1m[34mSELECT "lists".* FROM "lists" WHERE "lists"."id" = $1 LIMIT $2[0m  [["id", 2], ["LIMIT", 1]]
  ↳ app/controllers/list_items_controller.rb:8:in `index'
  [1m[36mList Load (0.4ms)[0m  [1m[34mSELECT "lists".* FROM "lists" WHERE "lists"."id" = $1 LIMIT $2[0m  [["id", 3], ["LIMIT", 1]]
  ↳ app/controllers/list_items_controller.rb:8:in `index'
  [1m[36mCACHE List Load (0.0ms)[0m  [1m[34mSELECT "lists".* FROM "lists" WHERE "lists"."id" = $1 LIMIT $2[0m  [["id", 3], ["LIMIT", 1]]
  ↳ app/controllers/list_items_controller.rb:8:in `index'
  [1m[36mCACHE List Load (0.0ms)[0m  [1m[34mSELECT "lists".* FROM "lists" WHERE "lists"."id" = $1 LIMIT $2[0m  [["id", 2], ["LIMIT", 1]]
  ↳ app/controllers/list_items_controller.rb:8:in `index'
  [1m[36mList Load (0.2ms)[0m  [1m[34mSELECT "lists".* FROM "lists" WHERE "lists"."id" = $1 LIMIT $2[0m  [["id", 5], ["LIMIT", 1]]
  ↳ app/controllers/list_items_controller.rb:8:in `index'
  [1m[36mCACHE List Load (0.0ms)[0m  [1m[34mSELECT "lists".* FROM "lists" WHERE "lists"."id" = $1 LIMIT $2[0m  [["id", 6], ["LIMIT", 1]]
  ↳ app/controllers/list_items_controller.rb:8:in `index'
  [1m[36mCACHE List Load (0.0ms)[0m  [1m[34mSELECT "lists".* FROM "lists" WHERE "lists"."id" = $1 LIMIT $2[0m  [["id", 5], ["LIMIT", 1]]
  ↳ app/controllers/list_items_controller.rb:8:in `index'
  [1m[36mCACHE List Load (0.0ms)[0m  [1m[34mSELECT "lists".* FROM "lists" WHERE "lists"."id" = $1 LIMIT $2[0m  [["id", 1], ["LIMIT", 1]]
  ↳ app/controllers/list_items_controller.rb:8:in `index'
  [1m[36mList Load (0.2ms)[0m  [1m[34mSELECT "lists".* FROM "lists" WHERE "lists"."id" = $1 LIMIT $2[0m  [["id", 4], ["LIMIT", 1]]
  ↳ app/controllers/list_items_controller.rb:8:in `index'
  [1m[36mCACHE List Load (0.0ms)[0m  [1m[34mSELECT "lists".* FROM "lists" WHERE "lists"."id" = $1 LIMIT $2[0m  [["id", 5], ["LIMIT", 1]]
  ↳ app/controllers/list_items_controller.rb:8:in `index'
  [1m[36mCACHE List Load (0.0ms)[0m  [1m[34mSELECT "lists".* FROM "lists" WHERE "lists"."id" = $1 LIMIT $2[0m  [["id", 3], ["LIMIT", 1]]
  ↳ app/controllers/list_items_controller.rb:8:in `index'
  [1m[36mCACHE List Load (0.0ms)[0m  [1m[34mSELECT "lists".* FROM "lists" WHERE "lists"."id" = $1 LIMIT $2[0m  [["id", 4], ["LIMIT", 1]]
  ↳ app/controllers/list_items_controller.rb:8:in `index'
  [1m[36mCACHE List Load (0.0ms)[0m  [1m[34mSELECT "lists".* FROM "lists" WHERE "lists"."id" = $1 LIMIT $2[0m  [["id", 6], ["LIMIT", 1]]
  ↳ app/controllers/list_items_controller.rb:8:in `index'
  [1m[36mCACHE List Load (0.0ms)[0m  [1m[34mSELECT "lists".* FROM "lists" WHERE "lists"."id" = $1 LIMIT $2[0m  [["id", 4], ["LIMIT", 1]]
  ↳ app/controllers/list_items_controller.rb:8:in `index'
  [1m[36mCACHE List Load (0.0ms)[0m  [1m[34mSELECT "lists".* FROM "lists" WHERE "lists"."id" = $1 LIMIT $2[0m  [["id", 2], ["LIMIT", 1]]
  ↳ app/controllers/list_items_controller.rb:8:in `index'
  [1m[36mCACHE List Load (0.0ms)[0m  [1m[34mSELECT "lists".* FROM "lists" WHERE "lists"."id" = $1 LIMIT $2[0m  [["id", 6], ["LIMIT", 1]]
  ↳ app/controllers/list_items_controller.rb:8:in `index'
  [1m[36mCACHE List Load (0.0ms)[0m  [1m[34mSELECT "lists".* FROM "lists" WHERE "lists"."id" = $1 LIMIT $2[0m  [["id", 1], ["LIMIT", 1]]
  ↳ app/controllers/list_items_controller.rb:8:in `index'
  [1m[36mCACHE List Load (0.0ms)[0m  [1m[34mSELECT "lists".* FROM "lists" WHERE "lists"."id" = $1 LIMIT $2[0m  [["id", 5], ["LIMIT", 1]]
  ↳ app/controllers/list_items_controller.rb:8:in `index'
  [1m[36mCACHE List Load (0.1ms)[0m  [1m[34mSELECT "lists".* FROM "lists" WHERE "lists"."id" = $1 LIMIT $2[0m  [["id", 3], ["LIMIT", 1]]
  ↳ app/controllers/list_items_controller.rb:8:in `index'
  [1m[36mCACHE List Load (0.0ms)[0m  [1m[34mSELECT "lists".* FROM "lists" WHERE "lists"."id" = $1 LIMIT $2[0m  [["id", 4], ["LIMIT", 1]]
  ↳ app/controllers/list_items_controller.rb:8:in `index'
  [1m[36mCACHE List Load (0.0ms)[0m  [1m[34mSELECT "lists".* FROM "lists" WHERE "lists"."id" = $1 LIMIT $2[0m  [["id", 6], ["LIMIT", 1]]
  ↳ app/controllers/list_items_controller.rb:8:in `index'
  [1m[36mCACHE List Load (0.0ms)[0m  [1m[34mSELECT "lists".* FROM "lists" WHERE "lists"."id" = $1 LIMIT $2[0m  [["id", 4], ["LIMIT", 1]]
  ↳ app/controllers/list_items_controller.rb:8:in `index'
  [1m[36mCACHE List Load (0.0ms)[0m  [1m[34mSELECT "lists".* FROM "lists" WHERE "lists"."id" = $1 LIMIT $2[0m  [["id", 4], ["LIMIT", 1]]
  ↳ app/controllers/list_items_controller.rb:8:in `index'
  [1m[36mCACHE List Load (0.0ms)[0m  [1m[34mSELECT "lists".* FROM "lists" WHERE "lists"."id" = $1 LIMIT $2[0m  [["id", 5], ["LIMIT", 1]]
  ↳ app/controllers/list_items_controller.rb:8:in `index'
  [1m[36mCACHE List Load (0.0ms)[0m  [1m[34mSELECT "lists".* FROM "lists" WHERE "lists"."id" = $1 LIMIT $2[0m  [["id", 5], ["LIMIT", 1]]
  ↳ app/controllers/list_items_controller.rb:8:in `index'
  [1m[36mCACHE List Load (0.0ms)[0m  [1m[34mSELECT "lists".* FROM "lists" WHERE "lists"."id" = $1 LIMIT $2[0m  [["id", 5], ["LIMIT", 1]]
  ↳ app/controllers/list_items_controller.rb:8:in `index'
  [1m[36mCACHE List Load (0.0ms)[0m  [1m[34mSELECT "lists".* FROM "lists" WHERE "lists"."id" = $1 LIMIT $2[0m  [["id", 1], ["LIMIT", 1]]
  ↳ app/controllers/list_items_controller.rb:8:in `index'
  [1m[36mCACHE List Load (0.0ms)[0m  [1m[34mSELECT "lists".* FROM "lists" WHERE "lists"."id" = $1 LIMIT $2[0m  [["id", 3], ["LIMIT", 1]]
  ↳ app/controllers/list_items_controller.rb:8:in `index'
  [1m[36mCACHE List Load (0.0ms)[0m  [1m[34mSELECT "lists".* FROM "lists" WHERE "lists"."id" = $1 LIMIT $2[0m  [["id", 4], ["LIMIT", 1]]
  ↳ app/controllers/list_items_controller.rb:8:in `index'
  [1m[36mCACHE List Load (0.0ms)[0m  [1m[34mSELECT "lists".* FROM "lists" WHERE "lists"."id" = $1 LIMIT $2[0m  [["id", 2], ["LIMIT", 1]]
  ↳ app/controllers/list_items_controller.rb:8:in `index'
  [1m[36mCACHE List Load (0.0ms)[0m  [1m[34mSELECT "lists".* FROM "lists" WHERE "lists"."id" = $1 LIMIT $2[0m  [["id", 2], ["LIMIT", 1]]
  ↳ app/controllers/list_items_controller.rb:8:in `index'
  [1m[36mCACHE List Load (0.0ms)[0m  [1m[34mSELECT "lists".* FROM "lists" WHERE "lists"."id" = $1 LIMIT $2[0m  [["id", 2], ["LIMIT", 1]]
  ↳ app/controllers/list_items_controller.rb:8:in `index'
  [1m[36mCACHE List Load (0.0ms)[0m  [1m[34mSELECT "lists".* FROM "lists" WHERE "lists"."id" = $1 LIMIT $2[0m  [["id", 2], ["LIMIT", 1]]
  ↳ app/controllers/list_items_controller.rb:8:in `index'
  [1m[36mCACHE List Load (0.0ms)[0m  [1m[34mSELECT "lists".* FROM "lists" WHERE "lists"."id" = $1 LIMIT $2[0m  [["id", 1], ["LIMIT", 1]]
  ↳ app/controllers/list_items_controller.rb:8:in `index'
  [1m[36mCACHE List Load (0.0ms)[0m  [1m[34mSELECT "lists".* FROM "lists" WHERE "lists"."id" = $1 LIMIT $2[0m  [["id", 5], ["LIMIT", 1]]
  ↳ app/controllers/list_items_controller.rb:8:in `index'
  [1m[36mCACHE List Load (0.0ms)[0m  [1m[34mSELECT "lists".* FROM "lists" WHERE "lists"."id" = $1 LIMIT $2[0m  [["id", 1], ["LIMIT", 1]]
  ↳ app/controllers/list_items_controller.rb:8:in `index'
  [1m[36mCACHE List Load (0.0ms)[0m  [1m[34mSELECT "lists".* FROM "lists" WHERE "lists"."id" = $1 LIMIT $2[0m  [["id", 4], ["LIMIT", 1]]
  ↳ app/controllers/list_items_controller.rb:8:in `index'
  [1m[36mCACHE List Load (0.0ms)[0m  [1m[34mSELECT "lists".* FROM "lists" WHERE "lists"."id" = $1 LIMIT $2[0m  [["id", 3], ["LIMIT", 1]]
  ↳ app/controllers/list_items_controller.rb:8:in `index'
  [1m[36mCACHE List Load (0.0ms)[0m  [1m[34mSELECT "lists".* FROM "lists" WHERE "lists"."id" = $1 LIMIT $2[0m  [["id", 2], ["LIMIT", 1]]
  ↳ app/controllers/list_items_controller.rb:8:in `index'
  [1m[36mCACHE List Load (0.0ms)[0m  [1m[34mSELECT "lists".* FROM "lists" WHERE "lists"."id" = $1 LIMIT $2[0m  [["id", 6], ["LIMIT", 1]]
  ↳ app/controllers/list_items_controller.rb:8:in `index'
  [1m[36mCACHE List Load (0.0ms)[0m  [1m[34mSELECT "lists".* FROM "lists" WHERE "lists"."id" = $1 LIMIT $2[0m  [["id", 6], ["LIMIT", 1]]
  ↳ app/controllers/list_items_controller.rb:8:in `index'
  [1m[36mCACHE List Load (0.0ms)[0m  [1m[34mSELECT "lists".* FROM "lists" WHERE "lists"."id" = $1 LIMIT $2[0m  [["id", 2], ["LIMIT", 1]]
  ↳ app/controllers/list_items_controller.rb:8:in `index'
  [1m[36mCACHE List Load (0.0ms)[0m  [1m[34mSELECT "lists".* FROM "lists" WHERE "lists"."id" = $1 LIMIT $2[0m  [["id", 3], ["LIMIT", 1]]
  ↳ app/controllers/list_items_controller.rb:8:in `index'
  [1m[36mCACHE List Load (0.2ms)[0m  [1m[34mSELECT "lists".* FROM "lists" WHERE "lists"."id" = $1 LIMIT $2[0m  [["id", 3], ["LIMIT", 1]]
  ↳ app/controllers/list_items_controller.rb:8:in `index'
  [1m[36mCACHE List Load (0.0ms)[0m  [1m[34mSELECT "lists".* FROM "lists" WHERE "lists"."id" = $1 LIMIT $2[0m  [["id", 4], ["LIMIT", 1]]
  ↳ app/controllers/list_items_controller.rb:8:in `index'
  [1m[36mCACHE List Load (0.0ms)[0m  [1m[34mSELECT "lists".* FROM "lists" WHERE "lists"."id" = $1 LIMIT $2[0m  [["id", 5], ["LIMIT", 1]]
  ↳ app/controllers/list_items_controller.rb:8:in `index'
  [1m[36mCACHE List Load (0.0ms)[0m  [1m[34mSELECT "lists".* FROM "lists" WHERE "lists"."id" = $1 LIMIT $2[0m  [["id", 6], ["LIMIT", 1]]
  ↳ app/controllers/list_items_controller.rb:8:in `index'
  [1m[36mCACHE List Load (0.0ms)[0m  [1m[34mSELECT "lists".* FROM "lists" WHERE "lists"."id" = $1 LIMIT $2[0m  [["id", 5], ["LIMIT", 1]]
  ↳ app/controllers/list_items_controller.rb:8:in `index'
  [1m[36mCACHE List Load (0.0ms)[0m  [1m[34mSELECT "lists".* FROM "lists" WHERE "lists"."id" = $1 LIMIT $2[0m  [["id", 3], ["LIMIT", 1]]
  ↳ app/controllers/list_items_controller.rb:8:in `index'
  [1m[36mCACHE List Load (0.0ms)[0m  [1m[34mSELECT "lists".* FROM "lists" WHERE "lists"."id" = $1 LIMIT $2[0m  [["id", 3], ["LIMIT", 1]]
  ↳ app/controllers/list_items_controller.rb:8:in `index'
  [1m[36mCACHE List Load (0.0ms)[0m  [1m[34mSELECT "lists".* FROM "lists" WHERE "lists"."id" = $1 LIMIT $2[0m  [["id", 2], ["LIMIT", 1]]
  ↳ app/controllers/list_items_controller.rb:8:in `index'
  [1m[36mCACHE List Load (0.0ms)[0m  [1m[34mSELECT "lists".* FROM "lists" WHERE "lists"."id" = $1 LIMIT $2[0m  [["id", 1], ["LIMIT", 1]]
  ↳ app/controllers/list_items_controller.rb:8:in `index'
  [1m[36mCACHE List Load (0.0ms)[0m  [1m[34mSELECT "lists".* FROM "lists" WHERE "lists"."id" = $1 LIMIT $2[0m  [["id", 6], ["LIMIT", 1]]
  ↳ app/controllers/list_items_controller.rb:8:in `index'
  [1m[36mCACHE List Load (0.0ms)[0m  [1m[34mSELECT "lists".* FROM "lists" WHERE "lists"."id" = $1 LIMIT $2[0m  [["id", 1], ["LIMIT", 1]]
  ↳ app/controllers/list_items_controller.rb:8:in `index'
  [1m[36mCACHE List Load (0.0ms)[0m  [1m[34mSELECT "lists".* FROM "lists" WHERE "lists"."id" = $1 LIMIT $2[0m  [["id", 1], ["LIMIT", 1]]
  ↳ app/controllers/list_items_controller.rb:8:in `index'
  [1m[36mCACHE List Load (0.0ms)[0m  [1m[34mSELECT "lists".* FROM "lists" WHERE "lists"."id" = $1 LIMIT $2[0m  [["id", 4], ["LIMIT", 1]]
  ↳ app/controllers/list_items_controller.rb:8:in `index'
Completed 200 OK in 166ms (Views: 0.1ms | ActiveRecord: 3.7ms | Allocations: 67012)


